#
# There is insufficient memory for the Java Runtime Environment to continue.
# Native memory allocation (malloc) failed to allocate 1420736 bytes for Chunk::new
# Possible reasons:
#   The system is out of physical RAM or swap space
#   The process is running with CompressedOops enabled, and the Java Heap may be blocking the growth of the native heap
# Possible solutions:
#   Reduce memory load on the system
#   Increase physical memory or swap space
#   Check if swap backing store is full
#   Decrease Java heap size (-Xmx/-Xms)
#   Decrease number of Java threads
#   Decrease Java thread stack sizes (-Xss)
#   Set larger code cache with -XX:ReservedCodeCacheSize=
#   JVM is running with Unscaled Compressed Oops mode in which the Java heap is
#     placed in the first 4GB address space. The Java Heap base address is the
#     maximum limit for the native heap growth. Please use -XX:HeapBaseMinAddress
#     to set the Java Heap base and to place the Java Heap above 4GB virtual address.
# This output file may be truncated or incomplete.
#
#  Out of Memory Error (allocation.cpp:389), pid=13080, tid=0x0000000000002480
#
# JRE version: OpenJDK Runtime Environment (8.0_242-b01) (build 1.8.0_242-release-1644-b01)
# Java VM: OpenJDK 64-Bit Server VM (25.242-b01 mixed mode windows-amd64 compressed oops)
# Failed to write core dump. Minidumps are not enabled by default on client versions of Windows
#

---------------  T H R E A D  ---------------

Current thread (0x0000000017d78000):  JavaThread "C2 CompilerThread0" daemon [_thread_in_native, id=9344, stack(0x00000000192c0000,0x00000000193c0000)]

Stack: [0x00000000192c0000,0x00000000193c0000]
[error occurred during error reporting (printing stack bounds), id 0xc0000005]

Native frames: (J=compiled Java code, j=interpreted, Vv=VM code, C=native code)


Current CompileTask:
C2:4021051 97538       4       org.antlr.v4.runtime.atn.ParserATNSimulator::closure_ (311 bytes)


---------------  P R O C E S S  ---------------

Java Threads: ( => current thread )
  0x000000004dc93800 JavaThread "RMI RenewClean-[127.0.0.1:17256,org.jetbrains.kotlin.daemon.common.LoopbackNetworkInterface$ClientLoopbackSocketFactory@7027d9b6]" daemon [_thread_blocked, id=6948, stack(0x0000000035b60000,0x0000000035c60000)]
  0x000000004dc98000 JavaThread "ForkJoinPool-8-worker-2" daemon [_thread_blocked, id=8488, stack(0x0000000035760000,0x0000000035860000)]
  0x000000004dc88800 JavaThread "ForkJoinPool-8-worker-1" daemon [_thread_blocked, id=6692, stack(0x0000000035250000,0x0000000035350000)]
  0x000000004dc8e800 JavaThread "stdout" [_thread_in_native, id=6364, stack(0x0000000035050000,0x0000000035150000)]
  0x000000004dc8d800 JavaThread "stderr" [_thread_in_native, id=9648, stack(0x0000000034e50000,0x0000000034f50000)]
  0x000000004dc86000 JavaThread "stdout" [_thread_in_native, id=11672, stack(0x00000000313b0000,0x00000000314b0000)]
  0x000000004dc8d000 JavaThread "stderr" [_thread_in_native, id=872, stack(0x000000002cc20000,0x000000002cd20000)]
  0x000000004dc87800 JavaThread "stdout" [_thread_in_native, id=9116, stack(0x000000002c720000,0x000000002c820000)]
  0x000000004dc87000 JavaThread "stderr" [_thread_in_native, id=3148, stack(0x000000002a8f0000,0x000000002a9f0000)]
  0x000000004dc7e800 JavaThread "stdout" [_thread_in_native, id=12660, stack(0x00000000296f0000,0x00000000297f0000)]
  0x000000004dc85800 JavaThread "stderr" [_thread_in_native, id=5148, stack(0x0000000022460000,0x0000000022560000)]
  0x000000004dc84800 JavaThread "pool-98-thread-1" [_thread_blocked, id=5348, stack(0x000000001caa0000,0x000000001cba0000)]
  0x000000004dc8a000 JavaThread "RMI TCP Connection(418)-127.0.0.1" daemon [_thread_in_native, id=1664, stack(0x000000001cba0000,0x000000001cca0000)]
  0x000000004dc8f000 JavaThread "RMI TCP Connection(idle)" daemon [_thread_blocked, id=9536, stack(0x0000000037890000,0x0000000037990000)]
  0x000000004dc92000 JavaThread "RMI TCP Connection(idle)" daemon [_thread_blocked, id=2224, stack(0x0000000036990000,0x0000000036a90000)]
  0x000000004dc90000 JavaThread "RMI TCP Connection(idle)" daemon [_thread_blocked, id=3900, stack(0x0000000035150000,0x0000000035250000)]
  0x000000004dc8b800 JavaThread "RMI TCP Connection(idle)" daemon [_thread_blocked, id=11424, stack(0x000000002fc80000,0x000000002fd80000)]
  0x000000004dc82800 JavaThread "WorkerExecutor Queue Thread 4" [_thread_blocked, id=2976, stack(0x00000000295f0000,0x00000000296f0000)]
  0x000000004dc83000 JavaThread "WorkerExecutor Queue Thread 3" [_thread_in_vm, id=7520, stack(0x00000000243a0000,0x00000000244a0000)]
  0x000000004dc7a000 JavaThread "WorkerExecutor Queue Thread 2" [_thread_blocked, id=8816, stack(0x00000000235d0000,0x00000000236d0000)]
  0x000000004dc81000 JavaThread "WorkerExecutor Queue" [_thread_blocked, id=5884, stack(0x000000001f2b0000,0x000000001f3b0000)]
  0x000000004dc81800 JavaThread "Cache worker for Java compile cache (D:\AndroidProjects\MoInvestorNew\AndroidInvestor\.gradle\6.5\javaCompile)" [_thread_blocked, id=12748, stack(0x0000000022ad0000,0x0000000022bd0000)]
  0x0000000039953800 JavaThread "RMI TCP Accept-0" daemon [_thread_in_native, id=9896, stack(0x0000000046680000,0x0000000046780000)]
  0x0000000039959000 JavaThread "Cache worker for execution history cache (D:\AndroidProjects\MoInvestorNew\AndroidInvestor\.gradle\6.5\executionHistory)" [_thread_blocked, id=7460, stack(0x00000000452b0000,0x00000000453b0000)]
  0x0000000039952000 JavaThread "Execution worker for ':' Thread 3" [_thread_blocked, id=8328, stack(0x00000000451b0000,0x00000000452b0000)]
  0x000000003994f000 JavaThread "Execution worker for ':' Thread 2" [_thread_blocked, id=12016, stack(0x0000000043fb0000,0x00000000440b0000)]
  0x0000000039953000 JavaThread "Execution worker for ':'" [_thread_blocked, id=2336, stack(0x0000000043eb0000,0x0000000043fb0000)]
  0x0000000039956000 JavaThread "Cache worker for file content cache (D:\AndroidProjects\MoInvestorNew\AndroidInvestor\.gradle\6.5\fileContent)" [_thread_blocked, id=10320, stack(0x0000000041fb0000,0x00000000420b0000)]
  0x000000003994d000 JavaThread "pool-97-thread-1" [_thread_blocked, id=10040, stack(0x000000003f7b0000,0x000000003f8b0000)]
  0x0000000039950000 JavaThread "Cache worker for Build Output Cleanup Cache (D:\AndroidProjects\MoInvestorNew\AndroidInvestor\.gradle\buildOutputCleanup)" [_thread_blocked, id=1328, stack(0x000000003f6b0000,0x000000003f7b0000)]
  0x000000004dc79800 JavaThread "Build operations Thread 4" [_thread_blocked, id=11888, stack(0x000000002bcf0000,0x000000002bdf0000)]
  0x000000004dc7f800 JavaThread "Build operations Thread 3" [_thread_blocked, id=6664, stack(0x000000002aff0000,0x000000002b0f0000)]
  0x000000004dc80000 JavaThread "Build operations Thread 2" [_thread_blocked, id=12960, stack(0x000000002aaf0000,0x000000002abf0000)]
  0x000000004dc7b000 JavaThread "Build operations" [_thread_blocked, id=11804, stack(0x000000002a9f0000,0x000000002aaf0000)]
  0x000000004dc7d000 JavaThread "Cache worker for cache directory md-rule (C:\Users\raghvendra_nimap\.gradle\caches\6.5\md-rule)" [_thread_blocked, id=13048, stack(0x0000000029bf0000,0x0000000029cf0000)]
  0x000000004dc7b800 JavaThread "Cache worker for cache directory md-supplier (C:\Users\raghvendra_nimap\.gradle\caches\6.5\md-supplier)" [_thread_blocked, id=10900, stack(0x0000000029af0000,0x0000000029bf0000)]
  0x000000004dc78800 JavaThread "Cache worker for checksums cache (D:\AndroidProjects\MoInvestorNew\AndroidInvestor\.gradle\checksums)" [_thread_blocked, id=3620, stack(0x00000000297f0000,0x00000000298f0000)]
  0x0000000026709800 JavaThread "Cache worker for file hash cache (D:\AndroidProjects\MoInvestorNew\AndroidInvestor\.gradle\6.5\fileHashes)" [_thread_blocked, id=8916, stack(0x0000000021ad0000,0x0000000021bd0000)]
  0x0000000026708800 JavaThread "Thread-1510" [_thread_blocked, id=10776, stack(0x000000001f3b0000,0x000000001f4b0000)]
  0x0000000026703000 JavaThread "Asynchronous log dispatcher for DefaultDaemonConnection: socket connection from /127.0.0.1:51470 to /127.0.0.1:53663" [_thread_blocked, id=3244, stack(0x000000001f1b0000,0x000000001f2b0000)]
  0x0000000026701800 JavaThread "Daemon worker Thread 7" [_thread_blocked, id=1296, stack(0x000000001f0b0000,0x000000001f1b0000)]
  0x0000000026708000 JavaThread "Cancel handler" [_thread_blocked, id=12892, stack(0x000000001d5e0000,0x000000001d6e0000)]
  0x0000000026700000 JavaThread "Handler for socket connection from /127.0.0.1:51470 to /127.0.0.1:53663" [_thread_in_native, id=11900, stack(0x000000001d4e0000,0x000000001d5e0000)]
  0x0000000026705000 JavaThread "Daemon Thread 7" [_thread_blocked, id=9468, stack(0x000000001d3e0000,0x000000001d4e0000)]
  0x0000000026707000 JavaThread "RMI TCP Connection(idle)" daemon [_thread_blocked, id=11752, stack(0x0000000000a50000,0x0000000000b50000)]
  0x000000004dc96800 JavaThread "RMI TCP Accept-0" daemon [_thread_in_native, id=8476, stack(0x000000005e400000,0x000000005e500000)]
  0x000000001e29b800 JavaThread "RMI TCP Accept-0" daemon [_thread_in_native, id=5424, stack(0x00000000294f0000,0x00000000295f0000)]
  0x0000000039960000 JavaThread "RMI TCP Accept-0" daemon [_thread_in_native, id=10084, stack(0x00000000441b0000,0x00000000442b0000)]
  0x0000000032cc7800 JavaThread "RMI TCP Accept-0" daemon [_thread_in_native, id=668, stack(0x00000000453b0000,0x00000000454b0000)]
  0x0000000032cc9000 JavaThread "pool-33-thread-1" [_thread_blocked, id=13128, stack(0x00000000448b0000,0x00000000449b0000)]
  0x000000001e28e000 JavaThread "Cache worker for Java compile cache (C:\Users\raghvendra_nimap\.gradle\caches\6.5\javaCompile)" [_thread_blocked, id=12308, stack(0x0000000035f90000,0x0000000036090000)]
  0x000000001be8a800 JavaThread "RMI Reaper" [_thread_blocked, id=6828, stack(0x0000000035460000,0x0000000035560000)]
  0x000000001be8d000 JavaThread "RMI TCP Accept-0" daemon [_thread_in_native, id=4480, stack(0x0000000035360000,0x0000000035460000)]
  0x000000001ae94800 JavaThread "GC Daemon" daemon [_thread_blocked, id=3444, stack(0x0000000034f50000,0x0000000035050000)]
  0x000000001ae92000 JavaThread "RMI Scheduler(0)" daemon [_thread_blocked, id=12508, stack(0x00000000324a0000,0x00000000325a0000)]
  0x000000001be99000 JavaThread "Memory manager" [_thread_blocked, id=12632, stack(0x00000000257a0000,0x00000000258a0000)]
  0x000000001ae91800 JavaThread "Cache worker for file content cache (C:\Users\raghvendra_nimap\.gradle\caches\6.5\fileContent)" [_thread_blocked, id=12604, stack(0x00000000234d0000,0x00000000235d0000)]
  0x000000001ae8f000 JavaThread "Cache worker for execution history cache (C:\Users\raghvendra_nimap\.gradle\caches\6.5\executionHistory)" [_thread_blocked, id=9552, stack(0x0000000022fd0000,0x00000000230d0000)]
  0x000000001b8a5800 JavaThread "Cache worker for file hash cache (C:\Users\raghvendra_nimap\.gradle\caches\6.5\fileHashes)" [_thread_blocked, id=9092, stack(0x000000001dde0000,0x000000001dee0000)]
  0x000000001b8a3000 JavaThread "File lock request listener" [_thread_in_native, id=9488, stack(0x000000001dce0000,0x000000001dde0000)]
  0x000000001b6b3000 JavaThread "Cache worker for journal cache (C:\Users\raghvendra_nimap\.gradle\caches\journal-1)" [_thread_blocked, id=2508, stack(0x000000001dbe0000,0x000000001dce0000)]
  0x000000001b5b7800 JavaThread "Daemon periodic checks" [_thread_blocked, id=1068, stack(0x000000001cee0000,0x000000001cfe0000)]
  0x000000001b52c000 JavaThread "Incoming local TCP Connector on port 51470" [_thread_in_native, id=11584, stack(0x000000001cca0000,0x000000001cda0000)]
  0x000000001b43c000 JavaThread "Daemon health stats" [_thread_blocked, id=12168, stack(0x000000001c660000,0x000000001c760000)]
  0x00000000195e8800 JavaThread "Service Thread" daemon [_thread_blocked, id=10504, stack(0x00000000199c0000,0x0000000019ac0000)]
  0x0000000017d7f000 JavaThread "C1 CompilerThread2" daemon [_thread_blocked, id=11872, stack(0x00000000194c0000,0x00000000195c0000)]
  0x0000000017d7b000 JavaThread "C2 CompilerThread1" daemon [_thread_in_native, id=10500, stack(0x00000000193c0000,0x00000000194c0000)]
=>0x0000000017d78000 JavaThread "C2 CompilerThread0" daemon [_thread_in_native, id=9344, stack(0x00000000192c0000,0x00000000193c0000)]
  0x0000000017d77000 JavaThread "Attach Listener" daemon [_thread_blocked, id=7296, stack(0x00000000191c0000,0x00000000192c0000)]
  0x0000000017d75800 JavaThread "Signal Dispatcher" daemon [_thread_blocked, id=1076, stack(0x00000000190c0000,0x00000000191c0000)]
  0x000000000314c000 JavaThread "Finalizer" daemon [_thread_blocked, id=2128, stack(0x0000000018fc0000,0x00000000190c0000)]
  0x0000000017d59000 JavaThread "Reference Handler" daemon [_thread_blocked, id=9384, stack(0x0000000018ec0000,0x0000000018fc0000)]
  0x0000000002f3e000 JavaThread "main" [_thread_blocked, id=9824, stack(0x0000000002f50000,0x0000000003050000)]

Other Threads:
  0x0000000017d37000 VMThread [stack: 0x0000000018dc0000,0x0000000018ec0000] [id=11912]
  0x00000000195e9000 WatcherThread [stack: 0x0000000019ac0000,0x0000000019bc0000] [id=1444]

VM state:not at safepoint (normal execution)

VM Mutex/Monitor currently owned by a thread: None

OutOfMemory and StackOverflow Exception counts:
OutOfMemoryError java_heap_errors=2

heap address: 0x0000000080000000, size: 2048 MB, Compressed Oops mode: 32-bit
Narrow klass base: 0x0000000000000000, Narrow klass shift: 3
Compressed class space size: 1073741824 Address: 0x0000000100000000

Heap:
 PSYoungGen      total 557056K, used 250390K [0x00000000d5580000, 0x0000000100000000, 0x0000000100000000)
  eden space 449024K, 55% used [0x00000000d5580000,0x00000000e4a05a08,0x00000000f0c00000)
  from space 108032K, 0% used [0x00000000f0c00000,0x00000000f0c00000,0x00000000f7580000)
  to   space 136192K, 0% used [0x00000000f7b00000,0x00000000f7b00000,0x0000000100000000)
 ParOldGen       total 1398272K, used 1397869K [0x0000000080000000, 0x00000000d5580000, 0x00000000d5580000)
  object space 1398272K, 99% used [0x0000000080000000,0x00000000d551b7d0,0x00000000d5580000)
 Metaspace       used 512196K, capacity 542680K, committed 557772K, reserved 1523712K
  class space    used 64820K, capacity 70437K, committed 83200K, reserved 1048576K

Card table byte_map: [0x0000000012510000,0x0000000012920000] byte_map_base: 0x0000000012110000

Marking Bits: (ParMarkBitMap*) 0x0000000058fcf030
 Begin Bits: [0x0000000012fd0000, 0x0000000014fd0000)
 End Bits:   [0x0000000014fd0000, 0x0000000016fd0000)

Polling page: 0x0000000002e60000

CodeCache: size=245760Kb used=192839Kb max_used=199993Kb free=52920Kb
 bounds [0x0000000003150000, 0x000000000f640000, 0x0000000012150000]
 total_blobs=55589 nmethods=54548 adapters=949
 compilation: enabled

Compilation events (10 events):
Event: 4020.998 Thread 0x0000000017d7f000 97566       1       kotlinx.metadata.internal.protobuf.SmallSortedMap$EmptySet$1::hasNext (2 bytes)
Event: 4020.999 Thread 0x0000000017d7f000 nmethod 97566 0x000000000dde9ad0 code [0x000000000dde9c20, 0x000000000dde9d30]
Event: 4020.999 Thread 0x0000000017d7f000 97567       3       org.antlr.v4.runtime.atn.ATNConfigSet$ConfigEqualityComparator::equals (65 bytes)
Event: 4021.000 Thread 0x0000000017d7f000 nmethod 97567 0x000000000dde9410 code [0x000000000dde95a0, 0x000000000dde9988]
Event: 4021.000 Thread 0x0000000017d7f000 97568       3       org.antlr.v4.runtime.atn.ParserATNSimulator::getReachableTarget (23 bytes)
Event: 4021.000 Thread 0x0000000017d7f000 nmethod 97568 0x000000000ecc1ad0 code [0x000000000ecc1c40, 0x000000000ecc1ec8]
Event: 4021.000 Thread 0x0000000017d7f000 97569       1       org.antlr.v4.runtime.Recognizer::getState (5 bytes)
Event: 4021.000 Thread 0x0000000017d7f000 nmethod 97569 0x000000000ecc1810 code [0x000000000ecc1960, 0x000000000ecc1a70]
Event: 4021.001 Thread 0x0000000017d7f000 97570       1       org.antlr.v4.runtime.Parser::getTokenStream (5 bytes)
Event: 4021.001 Thread 0x0000000017d7f000 nmethod 97570 0x000000000ecc1550 code [0x000000000ecc16a0, 0x000000000ecc17b0]

GC Heap History (10 events):
Event: 3995.326 GC heap before
{Heap before GC invocations=257 (full 44):
 PSYoungGen      total 557056K, used 449024K [0x00000000d5580000, 0x0000000100000000, 0x0000000100000000)
  eden space 449024K, 100% used [0x00000000d5580000,0x00000000f0c00000,0x00000000f0c00000)
  from space 108032K, 0% used [0x00000000f0c00000,0x00000000f0c00000,0x00000000f7580000)
  to   space 136192K, 0% used [0x00000000f7b00000,0x00000000f7b00000,0x0000000100000000)
 ParOldGen       total 1398272K, used 1397792K [0x0000000080000000, 0x00000000d5580000, 0x00000000d5580000)
  object space 1398272K, 99% used [0x0000000080000000,0x00000000d55080c0,0x00000000d5580000)
 Metaspace       used 491102K, capacity 520828K, committed 557516K, reserved 1523712K
  class space    used 62219K, capacity 67673K, committed 83200K, reserved 1048576K
Event: 3997.301 GC heap after
Heap after GC invocations=257 (full 44):
 PSYoungGen      total 557056K, used 132357K [0x00000000d5580000, 0x0000000100000000, 0x0000000100000000)
  eden space 449024K, 29% used [0x00000000d5580000,0x00000000dd6c14a0,0x00000000f0c00000)
  from space 108032K, 0% used [0x00000000f0c00000,0x00000000f0c00000,0x00000000f7580000)
  to   space 136192K, 0% used [0x00000000f7b00000,0x00000000f7b00000,0x0000000100000000)
 ParOldGen       total 1398272K, used 1397771K [0x0000000080000000, 0x00000000d5580000, 0x00000000d5580000)
  object space 1398272K, 99% used [0x0000000080000000,0x00000000d5502f80,0x00000000d5580000)
 Metaspace       used 491102K, capacity 520828K, committed 557516K, reserved 1523712K
  class space    used 62219K, capacity 67673K, committed 83200K, reserved 1048576K
}
Event: 3999.110 GC heap before
{Heap before GC invocations=258 (full 45):
 PSYoungGen      total 557056K, used 449024K [0x00000000d5580000, 0x0000000100000000, 0x0000000100000000)
  eden space 449024K, 100% used [0x00000000d5580000,0x00000000f0c00000,0x00000000f0c00000)
  from space 108032K, 0% used [0x00000000f0c00000,0x00000000f0c00000,0x00000000f7580000)
  to   space 136192K, 0% used [0x00000000f7b00000,0x00000000f7b00000,0x0000000100000000)
 ParOldGen       total 1398272K, used 1397771K [0x0000000080000000, 0x00000000d5580000, 0x00000000d5580000)
  object space 1398272K, 99% used [0x0000000080000000,0x00000000d5502f80,0x00000000d5580000)
 Metaspace       used 503767K, capacity 533880K, committed 557516K, reserved 1523712K
  class space    used 63863K, capacity 69415K, committed 83200K, reserved 1048576K
Event: 4000.785 GC heap after
Heap after GC invocations=258 (full 45):
 PSYoungGen      total 557056K, used 155119K [0x00000000d5580000, 0x0000000100000000, 0x0000000100000000)
  eden space 449024K, 34% used [0x00000000d5580000,0x00000000decfbe38,0x00000000f0c00000)
  from space 108032K, 0% used [0x00000000f0c00000,0x00000000f0c00000,0x00000000f7580000)
  to   space 136192K, 0% used [0x00000000f7b00000,0x00000000f7b00000,0x0000000100000000)
 ParOldGen       total 1398272K, used 1397771K [0x0000000080000000, 0x00000000d5580000, 0x00000000d5580000)
  object space 1398272K, 99% used [0x0000000080000000,0x00000000d5502f80,0x00000000d5580000)
 Metaspace       used 503767K, capacity 533880K, committed 557516K, reserved 1523712K
  class space    used 63863K, capacity 69415K, committed 83200K, reserved 1048576K
}
Event: 4001.481 GC heap before
{Heap before GC invocations=259 (full 46):
 PSYoungGen      total 557056K, used 449024K [0x00000000d5580000, 0x0000000100000000, 0x0000000100000000)
  eden space 449024K, 100% used [0x00000000d5580000,0x00000000f0c00000,0x00000000f0c00000)
  from space 108032K, 0% used [0x00000000f0c00000,0x00000000f0c00000,0x00000000f7580000)
  to   space 136192K, 0% used [0x00000000f7b00000,0x00000000f7b00000,0x0000000100000000)
 ParOldGen       total 1398272K, used 1397771K [0x0000000080000000, 0x00000000d5580000, 0x00000000d5580000)
  object space 1398272K, 99% used [0x0000000080000000,0x00000000d5502f80,0x00000000d5580000)
 Metaspace       used 504374K, capacity 534678K, committed 557516K, reserved 1523712K
  class space    used 63944K, capacity 69518K, committed 83200K, reserved 1048576K
Event: 4003.093 GC heap after
Heap after GC invocations=259 (full 46):
 PSYoungGen      total 557056K, used 114014K [0x00000000d5580000, 0x0000000100000000, 0x0000000100000000)
  eden space 449024K, 25% used [0x00000000d5580000,0x00000000dc4d7b28,0x00000000f0c00000)
  from space 108032K, 0% used [0x00000000f0c00000,0x00000000f0c00000,0x00000000f7580000)
  to   space 136192K, 0% used [0x00000000f7b00000,0x00000000f7b00000,0x0000000100000000)
 ParOldGen       total 1398272K, used 1397771K [0x0000000080000000, 0x00000000d5580000, 0x00000000d5580000)
  object space 1398272K, 99% used [0x0000000080000000,0x00000000d5502f80,0x00000000d5580000)
 Metaspace       used 504374K, capacity 534678K, committed 557516K, reserved 1523712K
  class space    used 63944K, capacity 69518K, committed 83200K, reserved 1048576K
}
Event: 4007.307 GC heap before
{Heap before GC invocations=260 (full 47):
 PSYoungGen      total 557056K, used 449024K [0x00000000d5580000, 0x0000000100000000, 0x0000000100000000)
  eden space 449024K, 100% used [0x00000000d5580000,0x00000000f0c00000,0x00000000f0c00000)
  from space 108032K, 0% used [0x00000000f0c00000,0x00000000f0c00000,0x00000000f7580000)
  to   space 136192K, 0% used [0x00000000f7b00000,0x00000000f7b00000,0x0000000100000000)
 ParOldGen       total 1398272K, used 1397771K [0x0000000080000000, 0x00000000d5580000, 0x00000000d5580000)
  object space 1398272K, 99% used [0x0000000080000000,0x00000000d5502f80,0x00000000d5580000)
 Metaspace       used 504466K, capacity 534748K, committed 557516K, reserved 1523712K
  class space    used 63951K, capacity 69519K, committed 83200K, reserved 1048576K
Event: 4008.958 GC heap after
Heap after GC invocations=260 (full 47):
 PSYoungGen      total 557056K, used 114334K [0x00000000d5580000, 0x0000000100000000, 0x0000000100000000)
  eden space 449024K, 25% used [0x00000000d5580000,0x00000000dc527ba0,0x00000000f0c00000)
  from space 108032K, 0% used [0x00000000f0c00000,0x00000000f0c00000,0x00000000f7580000)
  to   space 136192K, 0% used [0x00000000f7b00000,0x00000000f7b00000,0x0000000100000000)
 ParOldGen       total 1398272K, used 1397771K [0x0000000080000000, 0x00000000d5580000, 0x00000000d5580000)
  object space 1398272K, 99% used [0x0000000080000000,0x00000000d5502f38,0x00000000d5580000)
 Metaspace       used 504466K, capacity 534748K, committed 557516K, reserved 1523712K
  class space    used 63951K, capacity 69519K, committed 83200K, reserved 1048576K
}
Event: 4013.471 GC heap before
{Heap before GC invocations=261 (full 48):
 PSYoungGen      total 557056K, used 449024K [0x00000000d5580000, 0x0000000100000000, 0x0000000100000000)
  eden space 449024K, 100% used [0x00000000d5580000,0x00000000f0c00000,0x00000000f0c00000)
  from space 108032K, 0% used [0x00000000f0c00000,0x00000000f0c00000,0x00000000f7580000)
  to   space 136192K, 0% used [0x00000000f7b00000,0x00000000f7b00000,0x0000000100000000)
 ParOldGen       total 1398272K, used 1397771K [0x0000000080000000, 0x00000000d5580000, 0x00000000d5580000)
  object space 1398272K, 99% used [0x0000000080000000,0x00000000d5502f38,0x00000000d5580000)
 Metaspace       used 504934K, capacity 535252K, committed 557516K, reserved 1523712K
  class space    used 64001K, capacity 69603K, committed 83200K, reserved 1048576K
Event: 4015.910 GC heap after
Heap after GC invocations=261 (full 48):
 PSYoungGen      total 557056K, used 60879K [0x00000000d5580000, 0x0000000100000000, 0x0000000100000000)
  eden space 449024K, 13% used [0x00000000d5580000,0x00000000d90f3ff8,0x00000000f0c00000)
  from space 108032K, 0% used [0x00000000f0c00000,0x00000000f0c00000,0x00000000f7580000)
  to   space 136192K, 0% used [0x00000000f7b00000,0x00000000f7b00000,0x0000000100000000)
 ParOldGen       total 1398272K, used 1397869K [0x0000000080000000, 0x00000000d5580000, 0x00000000d5580000)
  object space 1398272K, 99% used [0x0000000080000000,0x00000000d551b7d0,0x00000000d5580000)
 Metaspace       used 504934K, capacity 535252K, committed 557516K, reserved 1523712K
  class space    used 64001K, capacity 69603K, committed 83200K, reserved 1048576K
}

Deoptimization events (10 events):
Event: 4013.141 Thread 0x000000003994f000 Uncommon trap: reason=class_check action=maybe_recompile pc=0x00000000099ddc04 method=com.google.common.collect.ImmutableList.copyIntoArray([Ljava/lang/Object;I)I @ 1
Event: 4013.141 Thread 0x000000003994f000 Uncommon trap: reason=class_check action=maybe_recompile pc=0x00000000099ddc04 method=com.google.common.collect.ImmutableList.copyIntoArray([Ljava/lang/Object;I)I @ 1
Event: 4013.142 Thread 0x000000003994f000 Uncommon trap: reason=class_check action=maybe_recompile pc=0x00000000099ddc04 method=com.google.common.collect.ImmutableList.copyIntoArray([Ljava/lang/Object;I)I @ 1
Event: 4013.148 Thread 0x000000003994f000 Uncommon trap: reason=class_check action=maybe_recompile pc=0x00000000099ddc04 method=com.google.common.collect.ImmutableList.copyIntoArray([Ljava/lang/Object;I)I @ 1
Event: 4015.933 Thread 0x000000003994f000 Uncommon trap: reason=class_check action=maybe_recompile pc=0x000000000ea262a8 method=com.google.common.collect.ImmutableList.hashCode()I @ 23
Event: 4015.977 Thread 0x0000000039953000 Uncommon trap: reason=class_check action=maybe_recompile pc=0x000000000ea262a8 method=com.google.common.collect.ImmutableList.hashCode()I @ 23
Event: 4016.289 Thread 0x0000000026701800 Uncommon trap: reason=class_check action=maybe_recompile pc=0x000000000ea262a8 method=com.google.common.collect.ImmutableList.hashCode()I @ 23
Event: 4016.731 Thread 0x0000000039952000 Uncommon trap: reason=class_check action=maybe_recompile pc=0x000000000ea262a8 method=com.google.common.collect.ImmutableList.hashCode()I @ 23
Event: 4020.832 Thread 0x000000004dc83000 Uncommon trap: reason=unstable_if action=reinterpret pc=0x000000000d9f7e8c method=org.antlr.v4.runtime.atn.ATNState.addTransition(ILorg/antlr/v4/runtime/atn/Transition;)V @ 115
Event: 4021.005 Thread 0x000000004dc83000 Uncommon trap: reason=speculate_class_check action=maybe_recompile pc=0x000000000dd6f33c method=com.sun.tools.javac.util.Name.compareTo(Lcom/sun/tools/javac/util/Name;)I @ 5

Classes redefined (0 events):
No events

Internal exceptions (10 events):
Event: 4019.912 Thread 0x000000003994f000 Exception <a 'sun/nio/fs/WindowsException'> (0x00000000e179bbb8) thrown at [C:\src\AOSP-openjdk-git\hotspot\src\share\vm\prims\jni.cpp, line 710]
Event: 4019.912 Thread 0x000000003994f000 Exception <a 'sun/nio/fs/WindowsException'> (0x00000000e179cc80) thrown at [C:\src\AOSP-openjdk-git\hotspot\src\share\vm\prims\jni.cpp, line 710]
Event: 4019.912 Thread 0x000000003994f000 Exception <a 'sun/nio/fs/WindowsException'> (0x00000000e179d998) thrown at [C:\src\AOSP-openjdk-git\hotspot\src\share\vm\prims\jni.cpp, line 710]
Event: 4019.912 Thread 0x000000003994f000 Exception <a 'sun/nio/fs/WindowsException'> (0x00000000e179ea60) thrown at [C:\src\AOSP-openjdk-git\hotspot\src\share\vm\prims\jni.cpp, line 710]
Event: 4019.912 Thread 0x000000003994f000 Exception <a 'sun/nio/fs/WindowsException'> (0x00000000e179f608) thrown at [C:\src\AOSP-openjdk-git\hotspot\src\share\vm\prims\jni.cpp, line 710]
Event: 4019.912 Thread 0x000000003994f000 Exception <a 'sun/nio/fs/WindowsException'> (0x00000000e17a06a0) thrown at [C:\src\AOSP-openjdk-git\hotspot\src\share\vm\prims\jni.cpp, line 710]
Event: 4019.926 Thread 0x000000003994f000 Exception <a 'java/lang/NoSuchMethodError': <clinit>> (0x00000000e20cd9b8) thrown at [C:\src\AOSP-openjdk-git\hotspot\src\share\vm\prims\jni.cpp, line 1615]
Event: 4019.927 Thread 0x000000003994f000 Exception <a 'java/lang/NoSuchMethodError': <clinit>> (0x00000000e20e9da8) thrown at [C:\src\AOSP-openjdk-git\hotspot\src\share\vm\prims\jni.cpp, line 1615]
Event: 4019.929 Thread 0x000000003994f000 Exception <a 'java/lang/NoSuchMethodError': <clinit>> (0x00000000e2102880) thrown at [C:\src\AOSP-openjdk-git\hotspot\src\share\vm\prims\jni.cpp, line 1615]
Event: 4019.931 Thread 0x000000003994f000 Exception <a 'java/lang/NoSuchMethodError': <clinit>> (0x00000000e2161e08) thrown at [C:\src\AOSP-openjdk-git\hotspot\src\share\vm\prims\jni.cpp, line 1615]

Events (10 events):
Event: 4021.042 loading class androidx/room/vo/ShortcutEntity
Event: 4021.042 loading class androidx/room/vo/ShortcutEntity done
Event: 4021.043 loading class androidx/room/vo/ShortcutEntity$primaryKey$2
Event: 4021.043 loading class androidx/room/vo/ShortcutEntity$primaryKey$2 done
Event: 4021.044 loading class androidx/room/solver/shortcut/binder/InstantInsertMethodBinder
Event: 4021.044 loading class androidx/room/solver/shortcut/binder/InstantInsertMethodBinder done
Event: 4021.044 loading class androidx/room/solver/shortcut/binder/InsertMethodBinder
Event: 4021.044 loading class androidx/room/solver/shortcut/binder/InsertMethodBinder done
Event: 4021.045 loading class androidx/room/solver/shortcut/result/InsertMethodAdapter
Event: 4021.045 loading class androidx/room/solver/shortcut/result/InsertMethodAdapter done


Dynamic libraries:
0x00007ff761d00000 - 0x00007ff761d31000 	C:\Users\raghvendra_nimap\Desktop\Android_Studio\android-studio-ide-201.6953283-windows\android-studio\jre\bin\java.exe
0x00007fff9e440000 - 0x00007fff9e630000 	C:\Windows\SYSTEM32\ntdll.dll
0x00007fff9dee0000 - 0x00007fff9df92000 	C:\Windows\System32\KERNEL32.DLL
0x00007fff9b420000 - 0x00007fff9b6c5000 	C:\Windows\System32\KERNELBASE.dll
0x00007fff9de30000 - 0x00007fff9ded3000 	C:\Windows\System32\ADVAPI32.dll
0x00007fff9dfa0000 - 0x00007fff9e03e000 	C:\Windows\System32\msvcrt.dll
0x00007fff9d410000 - 0x00007fff9d4a7000 	C:\Windows\System32\sechost.dll
0x00007fff9d920000 - 0x00007fff9da3f000 	C:\Windows\System32\RPCRT4.dll
0x00007fff9dc30000 - 0x00007fff9ddc4000 	C:\Windows\System32\USER32.dll
0x00007fff9bd40000 - 0x00007fff9bd61000 	C:\Windows\System32\win32u.dll
0x00007fff9ce30000 - 0x00007fff9ce56000 	C:\Windows\System32\GDI32.dll
0x00007fff9b7d0000 - 0x00007fff9b968000 	C:\Windows\System32\gdi32full.dll
0x00007fff9bc70000 - 0x00007fff9bd0e000 	C:\Windows\System32\msvcp_win.dll
0x00007fff9b970000 - 0x00007fff9ba6a000 	C:\Windows\System32\ucrtbase.dll
0x00007fff926a0000 - 0x00007fff92924000 	C:\Windows\WinSxS\amd64_microsoft.windows.common-controls_6595b64144ccf1df_6.0.18362.1377_none_9e802143e45c8d82\COMCTL32.dll
0x00007fff9ce60000 - 0x00007fff9d197000 	C:\Windows\System32\combase.dll
0x00007fff9b6d0000 - 0x00007fff9b751000 	C:\Windows\System32\bcryptPrimitives.dll
0x00007fff9db90000 - 0x00007fff9dbbe000 	C:\Windows\System32\IMM32.DLL
0x00007fff94700000 - 0x00007fff9478d000 	C:\Windows\SYSTEM32\dlphook.x64.dll
0x00007fff9e380000 - 0x00007fff9e388000 	C:\Windows\System32\PSAPI.DLL
0x00007fff9c4f0000 - 0x00007fff9cbd8000 	C:\Windows\System32\SHELL32.dll
0x00007fff9b780000 - 0x00007fff9b7ca000 	C:\Windows\System32\cfgmgr32.dll
0x00007fff9e2c0000 - 0x00007fff9e367000 	C:\Windows\System32\shcore.dll
0x00007fff9bd70000 - 0x00007fff9c4eb000 	C:\Windows\System32\windows.storage.dll
0x00007fff9b390000 - 0x00007fff9b3b3000 	C:\Windows\System32\profapi.dll
0x00007fff9b340000 - 0x00007fff9b38a000 	C:\Windows\System32\powrprof.dll
0x00007fff9b2f0000 - 0x00007fff9b300000 	C:\Windows\System32\UMPDC.dll
0x00007fff946d0000 - 0x00007fff946da000 	C:\Windows\SYSTEM32\VERSION.dll
0x00007fff9d330000 - 0x00007fff9d382000 	C:\Windows\System32\shlwapi.dll
0x00007fff9b320000 - 0x00007fff9b331000 	C:\Windows\System32\kernel.appcore.dll
0x00007fff9b760000 - 0x00007fff9b777000 	C:\Windows\System32\cryptsp.dll
0x00007fff9d1a0000 - 0x00007fff9d2f7000 	C:\Windows\System32\ole32.dll
0x00007fff9dbc0000 - 0x00007fff9dc2f000 	C:\Windows\System32\WS2_32.dll
0x00007fff950c0000 - 0x00007fff9526a000 	C:\Windows\system32\tmumh\20019\AddOn\8.20.0.1028\TmUmEvt64.dll
0x000000005c250000 - 0x000000005c3b6000 	C:\Windows\system32\tmumh\20019\TmMon\2.7.3.1024\tmmon64.dll
0x0000000057cb0000 - 0x0000000057d82000 	C:\Users\raghvendra_nimap\Desktop\Android_Studio\android-studio-ide-201.6953283-windows\android-studio\jre\jre\bin\msvcr100.dll
0x0000000058800000 - 0x000000005904b000 	C:\Users\raghvendra_nimap\Desktop\Android_Studio\android-studio-ide-201.6953283-windows\android-studio\jre\jre\bin\server\jvm.dll
0x00007fff8fea0000 - 0x00007fff8fea9000 	C:\Windows\SYSTEM32\WSOCK32.dll
0x00007fff92930000 - 0x00007fff92954000 	C:\Windows\SYSTEM32\WINMM.dll
0x00007fff924f0000 - 0x00007fff9251d000 	C:\Windows\SYSTEM32\WINMMBASE.dll
0x00007fff94340000 - 0x00007fff9434f000 	C:\Users\raghvendra_nimap\Desktop\Android_Studio\android-studio-ide-201.6953283-windows\android-studio\jre\jre\bin\verify.dll
0x00007fff6bc70000 - 0x00007fff6bc99000 	C:\Users\raghvendra_nimap\Desktop\Android_Studio\android-studio-ide-201.6953283-windows\android-studio\jre\jre\bin\java.dll
0x00007fff6bc50000 - 0x00007fff6bc66000 	C:\Users\raghvendra_nimap\Desktop\Android_Studio\android-studio-ide-201.6953283-windows\android-studio\jre\jre\bin\zip.dll
0x00007fff6bc30000 - 0x00007fff6bc4a000 	C:\Users\raghvendra_nimap\Desktop\Android_Studio\android-studio-ide-201.6953283-windows\android-studio\jre\jre\bin\net.dll
0x00007fff9aad0000 - 0x00007fff9ab37000 	C:\Windows\system32\mswsock.dll
0x00007fff6a210000 - 0x00007fff6a223000 	C:\Users\raghvendra_nimap\Desktop\Android_Studio\android-studio-ide-201.6953283-windows\android-studio\jre\jre\bin\nio.dll
0x00007fff964a0000 - 0x00007fff964c7000 	C:\Users\raghvendra_nimap\.gradle\native\f6784746aeab05261644944871eae4fe03e0ef1612fff0a4a95f87b438bc6780\windows-amd64\native-platform.dll
0x00007fff83d50000 - 0x00007fff83d5d000 	C:\Users\raghvendra_nimap\Desktop\Android_Studio\android-studio-ide-201.6953283-windows\android-studio\jre\jre\bin\management.dll
0x00007fff9a650000 - 0x00007fff9a683000 	C:\Windows\system32\rsaenh.dll
0x00007fff9bd10000 - 0x00007fff9bd36000 	C:\Windows\System32\bcrypt.dll
0x00007fff9b1d0000 - 0x00007fff9b1f5000 	C:\Windows\SYSTEM32\USERENV.dll
0x00007fff9aca0000 - 0x00007fff9acac000 	C:\Windows\SYSTEM32\CRYPTBASE.dll
0x00007fff9a7e0000 - 0x00007fff9a81a000 	C:\Windows\SYSTEM32\IPHLPAPI.DLL
0x00007fff9d300000 - 0x00007fff9d308000 	C:\Windows\System32\NSI.dll
0x00007fff97960000 - 0x00007fff97976000 	C:\Windows\SYSTEM32\dhcpcsvc6.DLL
0x00007fff97920000 - 0x00007fff9793c000 	C:\Windows\SYSTEM32\dhcpcsvc.DLL
0x00007fff9a820000 - 0x00007fff9a8eb000 	C:\Windows\SYSTEM32\DNSAPI.dll
0x00007fff97c90000 - 0x00007fff97c9b000 	C:\Windows\SYSTEM32\WINNSI.DLL
0x00007fff9a2d0000 - 0x00007fff9a301000 	C:\Windows\SYSTEM32\ntmarta.dll
0x00007fff96970000 - 0x00007fff9697a000 	C:\Windows\System32\rasadhlp.dll
0x00007fff97b70000 - 0x00007fff97be7000 	C:\Windows\System32\fwpuclnt.dll
0x0000000066e00000 - 0x0000000066f03000 	C:\Users\raghvendra_nimap\AppData\Local\Temp\room-56116744-6042-4232-b97f-01c75744d7db\sqlite-3.25.2-735d2d5c-e640-429a-a009-e398da3d5c62-sqlitejdbc.dll
0x000000003de30000 - 0x000000003df33000 	C:\Users\raghvendra_nimap\AppData\Local\Temp\room-b0f48ec7-f633-4b11-8804-8d0fc7b542ed\sqlite-3.25.2-976c31b3-7cc2-4870-bad4-ceb3ac642c22-sqlitejdbc.dll
0x0000000035e60000 - 0x0000000035f63000 	C:\Users\raghvendra_nimap\AppData\Local\Temp\room-5ffa8864-e03f-4e5f-949a-e92255525e42\sqlite-3.25.2-b4dd2a45-d315-437d-b665-f77fa865c0cc-sqlitejdbc.dll

VM Arguments:
jvm_args: -Xmx2048M -Dfile.encoding=windows-1252 -Duser.country=IN -Duser.language=en -Duser.variant 
java_command: org.gradle.launcher.daemon.bootstrap.GradleDaemon 6.5
java_class_path (initial): C:\Users\raghvendra_nimap\.gradle\wrapper\dists\gradle-6.5-all\2oz4ud9k3tuxjg84bbf55q0tn\gradle-6.5\lib\gradle-launcher-6.5.jar
Launcher Type: SUN_STANDARD

Environment Variables:
PATH=C:\Program Files (x86)\Common Files\Oracle\Java\javapath;C:\Windows\system32;C:\Windows;C:\Windows\System32\Wbem;C:\Windows\System32\WindowsPowerShell\v1.0\;C:\Windows\System32\OpenSSH\;C:\Program Files (x86)\Microsoft SQL Server\Client SDK\ODBC\130\Tools\Binn\;C:\Program Files (x86)\Microsoft SQL Server\130\Tools\Binn\;C:\Program Files (x86)\Microsoft SQL Server\130\DTS\Binn\;C:\Program Files (x86)\Microsoft SQL Server\130\Tools\Binn\ManagementStudio\;C:\Users\raghvendra_nimap\AppData\Local\Microsoft\WindowsApps;C:\Users\raghvendra_nimap\AppData\Local\Programs\Git\cmd
USERNAME=raghvendra_nimap
OS=Windows_NT
PROCESSOR_IDENTIFIER=Intel64 Family 6 Model 85 Stepping 7, GenuineIntel



---------------  S Y S T E M  ---------------

OS: Windows 10.0 , 64 bit Build 18362 (10.0.18362.1350)

CPU:total 4 (initial active 4) (2 cores per cpu, 1 threads per core) family 6 model 85 stepping 7, cmov, cx8, fxsr, mmx, sse, sse2, sse3, ssse3, sse4.1, sse4.2, popcnt, avx, avx2, aes, clmul, erms, 3dnowpref, lzcnt, tsc, tscinvbit, bmi1, bmi2, adx

Memory: 4k page, physical 8388084k(1029824k free), swap 13453544k(5912k free)

vm_info: OpenJDK 64-Bit Server VM (25.242-b01) for windows-amd64 JRE (1.8.0_242-release-1644-b01), built by "builder" with MS VC++ 10.0 (VS2010)

time: Fri Mar 05 16:18:09 2021
timezone: India Standard Time
elapsed time: 4021 seconds (0d 1h 7m 1s)

