#
# There is insufficient memory for the Java Runtime Environment to continue.
# Native memory allocation (malloc) failed to allocate 2028176 bytes for Chunk::new
# Possible reasons:
#   The system is out of physical RAM or swap space
#   The process is running with CompressedOops enabled, and the Java Heap may be blocking the growth of the native heap
# Possible solutions:
#   Reduce memory load on the system
#   Increase physical memory or swap space
#   Check if swap backing store is full
#   Decrease Java heap size (-Xmx/-Xms)
#   Decrease number of Java threads
#   Decrease Java thread stack sizes (-Xss)
#   Set larger code cache with -XX:ReservedCodeCacheSize=
#   JVM is running with Unscaled Compressed Oops mode in which the Java heap is
#     placed in the first 4GB address space. The Java Heap base address is the
#     maximum limit for the native heap growth. Please use -XX:HeapBaseMinAddress
#     to set the Java Heap base and to place the Java Heap above 4GB virtual address.
# This output file may be truncated or incomplete.
#
#  Out of Memory Error (allocation.cpp:389), pid=6224, tid=0x00000000000028e0
#
# JRE version: OpenJDK Runtime Environment (8.0_242-b01) (build 1.8.0_242-release-1644-b01)
# Java VM: OpenJDK 64-Bit Server VM (25.242-b01 mixed mode windows-amd64 compressed oops)
# Failed to write core dump. Minidumps are not enabled by default on client versions of Windows
#

---------------  T H R E A D  ---------------

Current thread (0x0000000018056000):  JavaThread "C2 CompilerThread0" daemon [_thread_in_native, id=10464, stack(0x00000000195e0000,0x00000000196e0000)]

Stack: [0x00000000195e0000,0x00000000196e0000]
[error occurred during error reporting (printing stack bounds), id 0xc0000005]

Native frames: (J=compiled Java code, j=interpreted, Vv=VM code, C=native code)


Current CompileTask:
C2:11465259 126087       4       org.antlr.v4.runtime.atn.ParserATNSimulator::closure_ (311 bytes)


---------------  P R O C E S S  ---------------

Java Threads: ( => current thread )
  0x000000003de84800 JavaThread "ForkJoinPool-20-worker-3" daemon [_thread_blocked, id=5068, stack(0x0000000046fe0000,0x00000000470e0000)]
  0x000000003de8a800 JavaThread "ForkJoinPool-20-worker-2" daemon [_thread_blocked, id=5828, stack(0x0000000046be0000,0x0000000046ce0000)]
  0x00000000236de800 JavaThread "stdout" [_thread_in_native, id=9620, stack(0x00000000451e0000,0x00000000452e0000)]
  0x00000000236dd000 JavaThread "stderr" [_thread_in_native, id=10484, stack(0x00000000450e0000,0x00000000451e0000)]
  0x00000000236de000 JavaThread "stdout" [_thread_in_native, id=144, stack(0x0000000044fe0000,0x00000000450e0000)]
  0x00000000236df800 JavaThread "stderr" [_thread_in_native, id=9116, stack(0x0000000044ee0000,0x0000000044fe0000)]
  0x00000000236d6800 JavaThread "stdout" [_thread_in_native, id=6304, stack(0x0000000044de0000,0x0000000044ee0000)]
  0x00000000236dc800 JavaThread "stderr" [_thread_in_native, id=2560, stack(0x0000000044ce0000,0x0000000044de0000)]
  0x00000000236d7000 JavaThread "stdout" [_thread_in_native, id=9292, stack(0x000000003fb30000,0x000000003fc30000)]
  0x00000000236d9800 JavaThread "stderr" [_thread_in_native, id=8060, stack(0x000000003b750000,0x000000003b850000)]
  0x00000000236db800 JavaThread "pool-33-thread-1" [_thread_blocked, id=10692, stack(0x0000000035480000,0x0000000035580000)]
  0x00000000236da000 JavaThread "RMI RenewClean-[127.0.0.1:17256,org.jetbrains.kotlin.daemon.common.LoopbackNetworkInterface$ClientLoopbackSocketFactory@7da24d43]" daemon [_thread_blocked, id=5992, stack(0x0000000035080000,0x0000000035180000)]
  0x00000000236d4000 JavaThread "RMI TCP Connection(556)-127.0.0.1" daemon [_thread_in_native, id=3556, stack(0x0000000035380000,0x0000000035480000)]
  0x00000000236c2000 JavaThread "RMI TCP Connection(idle)" daemon [_thread_blocked, id=1884, stack(0x00000000277e0000,0x00000000278e0000)]
  0x00000000236c6800 JavaThread "RMI RenewClean-[127.0.0.1:17256,org.jetbrains.kotlin.daemon.common.LoopbackNetworkInterface$ClientLoopbackSocketFactory@2ffaaa6c]" daemon [_thread_blocked, id=6496, stack(0x000000001f5d0000,0x000000001f6d0000)]
  0x00000000236d8800 JavaThread "RMI TCP Connection(554)-127.0.0.1" daemon [_thread_in_native, id=11532, stack(0x0000000034e80000,0x0000000034f80000)]
  0x00000000236d8000 JavaThread "RMI RenewClean-[127.0.0.1:17256,org.jetbrains.kotlin.daemon.common.LoopbackNetworkInterface$ClientLoopbackSocketFactory@1c82ee54]" daemon [_thread_blocked, id=9644, stack(0x0000000034d80000,0x0000000034e80000)]
  0x00000000236d2000 JavaThread "RMI TCP Connection(idle)" daemon [_thread_blocked, id=9540, stack(0x0000000032c80000,0x0000000032d80000)]
  0x00000000236d5800 JavaThread "RMI TCP Connection(idle)" daemon [_thread_blocked, id=9376, stack(0x0000000032b80000,0x0000000032c80000)]
  0x00000000236ca800 JavaThread "RMI TCP Connection(idle)" daemon [_thread_blocked, id=11156, stack(0x0000000032a80000,0x0000000032b80000)]
  0x00000000236cf000 JavaThread "RMI TCP Connection(idle)" daemon [_thread_blocked, id=8936, stack(0x0000000032980000,0x0000000032a80000)]
  0x00000000236d0800 JavaThread "RMI TCP Connection(553)-127.0.0.1" daemon [_thread_in_native, id=5340, stack(0x00000000323b0000,0x00000000324b0000)]
  0x00000000236c3000 JavaThread "RMI TCP Connection(555)-127.0.0.1" daemon [_thread_in_native, id=12888, stack(0x000000002c020000,0x000000002c120000)]
  0x00000000236c9800 JavaThread "RMI TCP Connection(idle)" daemon [_thread_blocked, id=7436, stack(0x000000002b920000,0x000000002ba20000)]
  0x00000000236c5000 JavaThread "RMI TCP Connection(idle)" daemon [_thread_blocked, id=2184, stack(0x000000002b820000,0x000000002b920000)]
  0x00000000236ce000 JavaThread "WorkerExecutor Queue Thread 9" [_thread_blocked, id=12632, stack(0x000000002ec20000,0x000000002ed20000)]
  0x00000000236cd800 JavaThread "WorkerExecutor Queue Thread 8" [_thread_blocked, id=6828, stack(0x000000002db20000,0x000000002dc20000)]
  0x00000000236c6000 JavaThread "WorkerExecutor Queue Thread 7" [_thread_blocked, id=3412, stack(0x000000002cbe0000,0x000000002cce0000)]
  0x00000000236c1800 JavaThread "RMI TCP Connection(idle)" daemon [_thread_blocked, id=9380, stack(0x000000002c8e0000,0x000000002c9e0000)]
  0x00000000236c8000 JavaThread "RMI TCP Connection(550)-127.0.0.1" daemon [_thread_in_native, id=10724, stack(0x000000002ba20000,0x000000002bb20000)]
  0x00000000236cc800 JavaThread "RMI TCP Connection(idle)" daemon [_thread_blocked, id=9740, stack(0x000000002c320000,0x000000002c420000)]
  0x00000000236c7800 JavaThread "RMI TCP Connection(idle)" daemon [_thread_blocked, id=7468, stack(0x000000002bd20000,0x000000002be20000)]
  0x0000000022e2a000 JavaThread "WorkerExecutor Queue Thread 6" [_thread_in_vm, id=9996, stack(0x0000000050200000,0x0000000050300000)]
  0x0000000022e2a800 JavaThread "RMI TCP Connection(idle)" daemon [_thread_blocked, id=4596, stack(0x000000004f080000,0x000000004f180000)]
  0x000000002914e800 JavaThread "Cache worker for Java compile cache (D:\AndroidProjects\MoInvestorNew\AndroidInvestor\.gradle\6.5\javaCompile)" [_thread_blocked, id=2332, stack(0x000000004f9d0000,0x000000004fad0000)]
  0x000000002914d000 JavaThread "RMI TCP Connection(idle)" daemon [_thread_blocked, id=5084, stack(0x000000004f8d0000,0x000000004f9d0000)]
  0x000000002914c000 JavaThread "RMI TCP Connection(idle)" daemon [_thread_blocked, id=12352, stack(0x000000004f280000,0x000000004f380000)]
  0x000000003d8ba000 JavaThread "RMI TCP Connection(idle)" daemon [_thread_blocked, id=5736, stack(0x000000004e980000,0x000000004ea80000)]
  0x000000003d8bd800 JavaThread "Cache worker for execution history cache (D:\AndroidProjects\MoInvestorNew\AndroidInvestor\.gradle\6.5\executionHistory)" [_thread_blocked, id=7584, stack(0x000000004e780000,0x000000004e880000)]
  0x000000003d8bc800 JavaThread "Execution worker for ':' Thread 3" [_thread_blocked, id=5692, stack(0x000000004e680000,0x000000004e780000)]
  0x000000003d8b9800 JavaThread "Execution worker for ':' Thread 2" [_thread_blocked, id=11060, stack(0x000000004e580000,0x000000004e680000)]
  0x000000003d8b5000 JavaThread "Execution worker for ':'" [_thread_blocked, id=3300, stack(0x000000004e480000,0x000000004e580000)]
  0x000000003d8bb800 JavaThread "Cache worker for file content cache (D:\AndroidProjects\MoInvestorNew\AndroidInvestor\.gradle\6.5\fileContent)" [_thread_blocked, id=3284, stack(0x000000004e380000,0x000000004e480000)]
  0x000000003d8b2000 JavaThread "pool-32-thread-1" [_thread_blocked, id=1376, stack(0x000000004df80000,0x000000004e080000)]
  0x000000003d8b7000 JavaThread "Cache worker for Build Output Cleanup Cache (D:\AndroidProjects\MoInvestorNew\AndroidInvestor\.gradle\buildOutputCleanup)" [_thread_blocked, id=3088, stack(0x0000000025bf0000,0x0000000025cf0000)]
  0x000000003d8b8800 JavaThread "Build operations Thread 4" [_thread_blocked, id=12028, stack(0x000000004de80000,0x000000004df80000)]
  0x000000003d8af800 JavaThread "Build operations Thread 3" [_thread_blocked, id=12008, stack(0x0000000026ff0000,0x00000000270f0000)]
  0x000000003d8b1000 JavaThread "Build operations Thread 2" [_thread_blocked, id=3548, stack(0x0000000026cf0000,0x0000000026df0000)]
  0x000000003d8b6800 JavaThread "Build operations" [_thread_blocked, id=6880, stack(0x0000000025ff0000,0x00000000260f0000)]
  0x00000000201b8800 JavaThread "Cache worker for cache directory md-rule (C:\Users\raghvendra_nimap\.gradle\caches\6.5\md-rule)" [_thread_blocked, id=13028, stack(0x0000000024300000,0x0000000024400000)]
  0x00000000201b7000 JavaThread "Cache worker for cache directory md-supplier (C:\Users\raghvendra_nimap\.gradle\caches\6.5\md-supplier)" [_thread_blocked, id=10308, stack(0x0000000024200000,0x0000000024300000)]
  0x00000000201b6000 JavaThread "Cache worker for checksums cache (D:\AndroidProjects\MoInvestorNew\AndroidInvestor\.gradle\checksums)" [_thread_blocked, id=7988, stack(0x0000000024100000,0x0000000024200000)]
  0x00000000201b5800 JavaThread "Cache worker for file hash cache (D:\AndroidProjects\MoInvestorNew\AndroidInvestor\.gradle\6.5\fileHashes)" [_thread_blocked, id=2392, stack(0x0000000023c00000,0x0000000023d00000)]
  0x00000000201bb000 JavaThread "Thread-1991" [_thread_blocked, id=1076, stack(0x0000000021f30000,0x0000000022030000)]
  0x00000000201bc800 JavaThread "Asynchronous log dispatcher for DefaultDaemonConnection: socket connection from /127.0.0.1:60164 to /127.0.0.1:49313" [_thread_blocked, id=10224, stack(0x000000001db00000,0x000000001dc00000)]
  0x00000000201ae000 JavaThread "Cancel handler" [_thread_blocked, id=13204, stack(0x000000001d600000,0x000000001d700000)]
  0x00000000201b0000 JavaThread "Handler for socket connection from /127.0.0.1:60164 to /127.0.0.1:49313" [_thread_in_native, id=11480, stack(0x000000001d300000,0x000000001d400000)]
  0x000000003d8b4000 JavaThread "Daemon worker Thread 13" [_thread_blocked, id=10376, stack(0x000000001d700000,0x000000001d800000)]
  0x000000003d8b0800 JavaThread "Daemon Thread 13" [_thread_blocked, id=12580, stack(0x0000000000c90000,0x0000000000d90000)]
  0x0000000029820000 JavaThread "google-crash-pool-0" daemon [_thread_blocked, id=10752, stack(0x000000001d800000,0x000000001d900000)]
  0x000000001bdad800 JavaThread "RMI TCP Accept-0" daemon [_thread_in_native, id=80, stack(0x0000000046ce0000,0x0000000046de0000)]
  0x0000000029123000 JavaThread "RMI TCP Accept-0" daemon [_thread_in_native, id=4828, stack(0x0000000034f80000,0x0000000035080000)]
  0x000000002385d800 JavaThread "Cache worker for Java compile cache (C:\Users\raghvendra_nimap\.gradle\caches\6.5\javaCompile)" [_thread_blocked, id=10412, stack(0x00000000276e0000,0x00000000277e0000)]
  0x0000000022e2f000 JavaThread "RMI Reaper" [_thread_blocked, id=12732, stack(0x0000000025ef0000,0x0000000025ff0000)]
  0x0000000022e2e800 JavaThread "RMI TCP Accept-0" daemon [_thread_in_native, id=6992, stack(0x0000000025df0000,0x0000000025ef0000)]
  0x0000000022e2c000 JavaThread "GC Daemon" daemon [_thread_blocked, id=7460, stack(0x0000000025cf0000,0x0000000025df0000)]
  0x0000000022e2d800 JavaThread "RMI Scheduler(0)" daemon [_thread_blocked, id=13128, stack(0x00000000247f0000,0x00000000248f0000)]
  0x0000000021914800 JavaThread "Memory manager" [_thread_blocked, id=9124, stack(0x00000000273e0000,0x00000000274e0000)]
  0x00000000201b3000 JavaThread "Cache worker for file content cache (C:\Users\raghvendra_nimap\.gradle\caches\6.5\fileContent)" [_thread_blocked, id=9576, stack(0x0000000022b30000,0x0000000022c30000)]
  0x00000000201b1800 JavaThread "Cache worker for execution history cache (C:\Users\raghvendra_nimap\.gradle\caches\6.5\executionHistory)" [_thread_blocked, id=13036, stack(0x0000000022230000,0x0000000022330000)]
  0x000000001bda9000 JavaThread "Cache worker for file hash cache (C:\Users\raghvendra_nimap\.gradle\caches\6.5\fileHashes)" [_thread_blocked, id=1976, stack(0x000000001e100000,0x000000001e200000)]
  0x000000001bdae000 JavaThread "File lock request listener" [_thread_in_native, id=1836, stack(0x000000001e000000,0x000000001e100000)]
  0x000000001bdaf800 JavaThread "Cache worker for journal cache (C:\Users\raghvendra_nimap\.gradle\caches\journal-1)" [_thread_blocked, id=12500, stack(0x000000001df00000,0x000000001e000000)]
  0x000000001bcb7800 JavaThread "Daemon periodic checks" [_thread_blocked, id=9548, stack(0x000000001d200000,0x000000001d300000)]
  0x000000001bcb6000 JavaThread "Incoming local TCP Connector on port 60164" [_thread_in_native, id=9100, stack(0x000000001cfc0000,0x000000001d0c0000)]
  0x000000001a023800 JavaThread "Daemon health stats" [_thread_blocked, id=2316, stack(0x000000001c980000,0x000000001ca80000)]
  0x0000000019903000 JavaThread "Service Thread" daemon [_thread_blocked, id=7372, stack(0x0000000019ce0000,0x0000000019de0000)]
  0x000000001805f800 JavaThread "C1 CompilerThread2" daemon [_thread_blocked, id=12064, stack(0x00000000197e0000,0x00000000198e0000)]
  0x000000001805c000 JavaThread "C2 CompilerThread1" daemon [_thread_in_native, id=1696, stack(0x00000000196e0000,0x00000000197e0000)]
=>0x0000000018056000 JavaThread "C2 CompilerThread0" daemon [_thread_in_native, id=10464, stack(0x00000000195e0000,0x00000000196e0000)]
  0x0000000018055000 JavaThread "Attach Listener" daemon [_thread_blocked, id=5144, stack(0x00000000194e0000,0x00000000195e0000)]
  0x0000000018058800 JavaThread "Signal Dispatcher" daemon [_thread_blocked, id=10940, stack(0x00000000193e0000,0x00000000194e0000)]
  0x000000000342d000 JavaThread "Finalizer" daemon [_thread_blocked, id=1568, stack(0x00000000192e0000,0x00000000193e0000)]
  0x0000000003424000 JavaThread "Reference Handler" daemon [_thread_blocked, id=13072, stack(0x00000000191e0000,0x00000000192e0000)]
  0x00000000031ae000 JavaThread "main" [_thread_blocked, id=10328, stack(0x0000000003230000,0x0000000003330000)]

Other Threads:
  0x0000000018016800 VMThread [stack: 0x00000000190e0000,0x00000000191e0000] [id=4480]
  0x0000000019903800 WatcherThread [stack: 0x0000000019de0000,0x0000000019ee0000] [id=812]

VM state:not at safepoint (normal execution)

VM Mutex/Monitor currently owned by a thread: None

heap address: 0x0000000080000000, size: 2048 MB, Compressed Oops mode: 32-bit
Narrow klass base: 0x0000000000000000, Narrow klass shift: 3
Compressed class space size: 1073741824 Address: 0x0000000100000000

Heap:
 PSYoungGen      total 542720K, used 42781K [0x00000000d5580000, 0x00000000ff800000, 0x0000000100000000)
  eden space 406016K, 4% used [0x00000000d5580000,0x00000000d66b3118,0x00000000ee200000)
  from space 136704K, 18% used [0x00000000f7280000,0x00000000f8b14478,0x00000000ff800000)
  to   space 142336K, 0% used [0x00000000ee200000,0x00000000ee200000,0x00000000f6d00000)
 ParOldGen       total 1219584K, used 854958K [0x0000000080000000, 0x00000000ca700000, 0x00000000d5580000)
  object space 1219584K, 70% used [0x0000000080000000,0x00000000b42eb850,0x00000000ca700000)
 Metaspace       used 500080K, capacity 527042K, committed 533592K, reserved 1509376K
  class space    used 62754K, capacity 67895K, committed 74328K, reserved 1048576K

Card table byte_map: [0x00000000127f0000,0x0000000012c00000] byte_map_base: 0x00000000123f0000

Marking Bits: (ParMarkBitMap*) 0x0000000058fcf030
 Begin Bits: [0x00000000132b0000, 0x00000000152b0000)
 End Bits:   [0x00000000152b0000, 0x00000000172b0000)

Polling page: 0x00000000030c0000

CodeCache: size=245760Kb used=194921Kb max_used=205658Kb free=50838Kb
 bounds [0x0000000003430000, 0x000000000fe90000, 0x0000000012430000]
 total_blobs=54642 nmethods=53586 adapters=966
 compilation: enabled

Compilation events (10 events):
Event: 11465.188 Thread 0x000000001805f800 126114       1       org.antlr.v4.runtime.Recognizer::getState (5 bytes)
Event: 11465.188 Thread 0x000000001805f800 nmethod 126114 0x000000000df85450 code [0x000000000df855a0, 0x000000000df856b0]
Event: 11465.188 Thread 0x000000001805f800 126115       3       org.antlr.v4.runtime.misc.Interval::disjoint (22 bytes)
Event: 11465.189 Thread 0x000000001805f800 nmethod 126115 0x000000000df84e10 code [0x000000000df84f80, 0x000000000df85330]
Event: 11465.189 Thread 0x000000001805f800 126116       3       org.antlr.v4.runtime.atn.AtomTransition::matches (14 bytes)
Event: 11465.189 Thread 0x000000001805f800 nmethod 126116 0x000000000df84a90 code [0x000000000df84be0, 0x000000000df84d90]
Event: 11465.189 Thread 0x000000001805f800 126117       3       org.antlr.v4.runtime.atn.ParserATNSimulator::getReachableTarget (23 bytes)
Event: 11465.189 Thread 0x000000001805f800 nmethod 126117 0x000000000df84590 code [0x000000000df84700, 0x000000000df84988]
Event: 11465.190 Thread 0x000000001805f800 126118       1       org.antlr.v4.runtime.Parser::getTokenStream (5 bytes)
Event: 11465.190 Thread 0x000000001805f800 nmethod 126118 0x000000000df842d0 code [0x000000000df84420, 0x000000000df84530]

GC Heap History (10 events):
Event: 11445.181 GC heap before
{Heap before GC invocations=456 (full 28):
 PSYoungGen      total 570368K, used 522032K [0x00000000d5580000, 0x0000000100000000, 0x0000000100000000)
  eden space 446464K, 100% used [0x00000000d5580000,0x00000000f0980000,0x00000000f0980000)
  from space 123904K, 60% used [0x00000000f0980000,0x00000000f534c118,0x00000000f8280000)
  to   space 124928K, 0% used [0x00000000f8600000,0x00000000f8600000,0x0000000100000000)
 ParOldGen       total 1219584K, used 677195K [0x0000000080000000, 0x00000000ca700000, 0x00000000d5580000)
  object space 1219584K, 55% used [0x0000000080000000,0x00000000a9552d98,0x00000000ca700000)
 Metaspace       used 477222K, capacity 503486K, committed 513112K, reserved 1488896K
  class space    used 59913K, capacity 64903K, committed 74328K, reserved 1048576K
Event: 11445.330 GC heap after
Heap after GC invocations=456 (full 28):
 PSYoungGen      total 514560K, used 124924K [0x00000000d5580000, 0x0000000100000000, 0x0000000100000000)
  eden space 389632K, 0% used [0x00000000d5580000,0x00000000d5580000,0x00000000ed200000)
  from space 124928K, 99% used [0x00000000f8600000,0x00000000fffff348,0x0000000100000000)
  to   space 154624K, 0% used [0x00000000ed200000,0x00000000ed200000,0x00000000f6900000)
 ParOldGen       total 1219584K, used 706876K [0x0000000080000000, 0x00000000ca700000, 0x00000000d5580000)
  object space 1219584K, 57% used [0x0000000080000000,0x00000000ab24f280,0x00000000ca700000)
 Metaspace       used 477222K, capacity 503486K, committed 513112K, reserved 1488896K
  class space    used 59913K, capacity 64903K, committed 74328K, reserved 1048576K
}
Event: 11449.408 GC heap before
{Heap before GC invocations=457 (full 28):
 PSYoungGen      total 514560K, used 514556K [0x00000000d5580000, 0x0000000100000000, 0x0000000100000000)
  eden space 389632K, 100% used [0x00000000d5580000,0x00000000ed200000,0x00000000ed200000)
  from space 124928K, 99% used [0x00000000f8600000,0x00000000fffff348,0x0000000100000000)
  to   space 154624K, 0% used [0x00000000ed200000,0x00000000ed200000,0x00000000f6900000)
 ParOldGen       total 1219584K, used 706876K [0x0000000080000000, 0x00000000ca700000, 0x00000000d5580000)
  object space 1219584K, 57% used [0x0000000080000000,0x00000000ab24f280,0x00000000ca700000)
 Metaspace       used 477227K, capacity 503486K, committed 513112K, reserved 1488896K
  class space    used 59913K, capacity 64903K, committed 74328K, reserved 1048576K
Event: 11449.509 GC heap after
Heap after GC invocations=457 (full 28):
 PSYoungGen      total 544256K, used 46084K [0x00000000d5580000, 0x0000000100000000, 0x0000000100000000)
  eden space 389632K, 0% used [0x00000000d5580000,0x00000000d5580000,0x00000000ed200000)
  from space 154624K, 29% used [0x00000000ed200000,0x00000000eff010e0,0x00000000f6900000)
  to   space 148992K, 0% used [0x00000000f6e80000,0x00000000f6e80000,0x0000000100000000)
 ParOldGen       total 1219584K, used 781396K [0x0000000080000000, 0x00000000ca700000, 0x00000000d5580000)
  object space 1219584K, 64% used [0x0000000080000000,0x00000000afb15378,0x00000000ca700000)
 Metaspace       used 477227K, capacity 503486K, committed 513112K, reserved 1488896K
  class space    used 59913K, capacity 64903K, committed 74328K, reserved 1048576K
}
Event: 11457.449 GC heap before
{Heap before GC invocations=458 (full 28):
 PSYoungGen      total 544256K, used 435716K [0x00000000d5580000, 0x0000000100000000, 0x0000000100000000)
  eden space 389632K, 100% used [0x00000000d5580000,0x00000000ed200000,0x00000000ed200000)
  from space 154624K, 29% used [0x00000000ed200000,0x00000000eff010e0,0x00000000f6900000)
  to   space 148992K, 0% used [0x00000000f6e80000,0x00000000f6e80000,0x0000000100000000)
 ParOldGen       total 1219584K, used 781396K [0x0000000080000000, 0x00000000ca700000, 0x00000000d5580000)
  object space 1219584K, 64% used [0x0000000080000000,0x00000000afb15378,0x00000000ca700000)
 Metaspace       used 477549K, capacity 503856K, committed 513368K, reserved 1488896K
  class space    used 59943K, capacity 64954K, committed 74328K, reserved 1048576K
Event: 11457.613 GC heap after
Heap after GC invocations=458 (full 28):
 PSYoungGen      total 536576K, used 21602K [0x00000000d5580000, 0x00000000ff880000, 0x0000000100000000)
  eden space 395264K, 0% used [0x00000000d5580000,0x00000000d5580000,0x00000000ed780000)
  from space 141312K, 15% used [0x00000000f6e80000,0x00000000f83988d8,0x00000000ff880000)
  to   space 147968K, 0% used [0x00000000ed780000,0x00000000ed780000,0x00000000f6800000)
 ParOldGen       total 1219584K, used 826960K [0x0000000080000000, 0x00000000ca700000, 0x00000000d5580000)
  object space 1219584K, 67% used [0x0000000080000000,0x00000000b2794328,0x00000000ca700000)
 Metaspace       used 477549K, capacity 503856K, committed 513368K, reserved 1488896K
  class space    used 59943K, capacity 64954K, committed 74328K, reserved 1048576K
}
Event: 11460.193 GC heap before
{Heap before GC invocations=459 (full 28):
 PSYoungGen      total 536576K, used 416866K [0x00000000d5580000, 0x00000000ff880000, 0x0000000100000000)
  eden space 395264K, 100% used [0x00000000d5580000,0x00000000ed780000,0x00000000ed780000)
  from space 141312K, 15% used [0x00000000f6e80000,0x00000000f83988d8,0x00000000ff880000)
  to   space 147968K, 0% used [0x00000000ed780000,0x00000000ed780000,0x00000000f6800000)
 ParOldGen       total 1219584K, used 826960K [0x0000000080000000, 0x00000000ca700000, 0x00000000d5580000)
  object space 1219584K, 67% used [0x0000000080000000,0x00000000b2794328,0x00000000ca700000)
 Metaspace       used 492484K, capacity 519288K, committed 526936K, reserved 1501184K
  class space    used 61888K, capacity 66986K, committed 74328K, reserved 1048576K
Event: 11460.269 GC heap after
Heap after GC invocations=459 (full 28):
 PSYoungGen      total 543232K, used 74691K [0x00000000d5580000, 0x0000000100000000, 0x0000000100000000)
  eden space 395264K, 0% used [0x00000000d5580000,0x00000000d5580000,0x00000000ed780000)
  from space 147968K, 50% used [0x00000000ed780000,0x00000000f2070fd0,0x00000000f6800000)
  to   space 144896K, 0% used [0x00000000f7280000,0x00000000f7280000,0x0000000100000000)
 ParOldGen       total 1219584K, used 844040K [0x0000000080000000, 0x00000000ca700000, 0x00000000d5580000)
  object space 1219584K, 69% used [0x0000000080000000,0x00000000b3842170,0x00000000ca700000)
 Metaspace       used 492484K, capacity 519288K, committed 526936K, reserved 1501184K
  class space    used 61888K, capacity 66986K, committed 74328K, reserved 1048576K
}
Event: 11464.604 GC heap before
{Heap before GC invocations=460 (full 28):
 PSYoungGen      total 543232K, used 469955K [0x00000000d5580000, 0x0000000100000000, 0x0000000100000000)
  eden space 395264K, 100% used [0x00000000d5580000,0x00000000ed780000,0x00000000ed780000)
  from space 147968K, 50% used [0x00000000ed780000,0x00000000f2070fd0,0x00000000f6800000)
  to   space 144896K, 0% used [0x00000000f7280000,0x00000000f7280000,0x0000000100000000)
 ParOldGen       total 1219584K, used 844040K [0x0000000080000000, 0x00000000ca700000, 0x00000000d5580000)
  object space 1219584K, 69% used [0x0000000080000000,0x00000000b3842170,0x00000000ca700000)
 Metaspace       used 497840K, capacity 524770K, committed 531544K, reserved 1507328K
  class space    used 62465K, capacity 67607K, committed 74328K, reserved 1048576K
Event: 11464.660 GC heap after
Heap after GC invocations=460 (full 28):
 PSYoungGen      total 542720K, used 25169K [0x00000000d5580000, 0x00000000ff800000, 0x0000000100000000)
  eden space 406016K, 0% used [0x00000000d5580000,0x00000000d5580000,0x00000000ee200000)
  from space 136704K, 18% used [0x00000000f7280000,0x00000000f8b14478,0x00000000ff800000)
  to   space 142336K, 0% used [0x00000000ee200000,0x00000000ee200000,0x00000000f6d00000)
 ParOldGen       total 1219584K, used 854958K [0x0000000080000000, 0x00000000ca700000, 0x00000000d5580000)
  object space 1219584K, 70% used [0x0000000080000000,0x00000000b42eb850,0x00000000ca700000)
 Metaspace       used 497840K, capacity 524770K, committed 531544K, reserved 1507328K
  class space    used 62465K, capacity 67607K, committed 74328K, reserved 1048576K
}

Deoptimization events (10 events):
Event: 11444.156 Thread 0x00000000236c6000 Uncommon trap: reason=unstable_if action=reinterpret pc=0x000000000bf43008 method=kotlin.jvm.internal.Intrinsics.areEqual(Ljava/lang/Object;Ljava/lang/Object;)Z @ 5
Event: 11444.262 Thread 0x00000000236c6000 Uncommon trap: reason=unstable_if action=reinterpret pc=0x000000000d362f58 method=kotlin.text.StringsKt__StringsKt.indexOf$default(Ljava/lang/CharSequence;CIZILjava/lang/Object;)I @ 4
Event: 11444.710 Thread 0x00000000236c6000 Uncommon trap: reason=class_check action=maybe_recompile pc=0x000000000fb40aac method=com.google.common.collect.AbstractMapBasedMultimap$WrappedCollection.refreshIfEmpty()V @ 40
Event: 11444.710 Thread 0x00000000236c6000 Uncommon trap: reason=class_check action=maybe_recompile pc=0x000000000fb40aac method=com.google.common.collect.AbstractMapBasedMultimap$WrappedCollection.refreshIfEmpty()V @ 40
Event: 11444.710 Thread 0x00000000236c6000 Uncommon trap: reason=class_check action=maybe_recompile pc=0x000000000fb40aac method=com.google.common.collect.AbstractMapBasedMultimap$WrappedCollection.refreshIfEmpty()V @ 40
Event: 11444.710 Thread 0x00000000236c6000 Uncommon trap: reason=class_check action=maybe_recompile pc=0x000000000fb40aac method=com.google.common.collect.AbstractMapBasedMultimap$WrappedCollection.refreshIfEmpty()V @ 40
Event: 11459.197 Thread 0x0000000022e2a000 Uncommon trap: reason=unstable_if action=reinterpret pc=0x000000000fb216a0 method=java.util.concurrent.ForkJoinPool.externalPush(Ljava/util/concurrent/ForkJoinTask;)V @ 42
Event: 11459.622 Thread 0x00000000236c6000 Uncommon trap: reason=unstable_if action=reinterpret pc=0x00000000074c1188 method=com.google.gson.stream.JsonReader.nextNonWhitespace(Z)I @ 61
Event: 11459.769 Thread 0x00000000236ce000 Uncommon trap: reason=unstable_if action=reinterpret pc=0x000000000965a4a0 method=java.util.concurrent.ForkJoinPool.externalPush(Ljava/util/concurrent/ForkJoinTask;)V @ 42
Event: 11465.047 Thread 0x0000000022e2a000 Uncommon trap: reason=unstable_if action=reinterpret pc=0x0000000006fb09f4 method=org.antlr.v4.runtime.atn.ATNState.addTransition(ILorg/antlr/v4/runtime/atn/Transition;)V @ 115

Classes redefined (0 events):
No events

Internal exceptions (10 events):
Event: 11463.940 Thread 0x000000003d8b9800 Exception <a 'sun/nio/fs/WindowsException'> (0x00000000eb8e2690) thrown at [C:\src\AOSP-openjdk-git\hotspot\src\share\vm\prims\jni.cpp, line 710]
Event: 11463.940 Thread 0x000000003d8b9800 Exception <a 'sun/nio/fs/WindowsException'> (0x00000000eb8e3758) thrown at [C:\src\AOSP-openjdk-git\hotspot\src\share\vm\prims\jni.cpp, line 710]
Event: 11463.941 Thread 0x000000003d8b9800 Exception <a 'sun/nio/fs/WindowsException'> (0x00000000eb8e4460) thrown at [C:\src\AOSP-openjdk-git\hotspot\src\share\vm\prims\jni.cpp, line 710]
Event: 11463.941 Thread 0x000000003d8b9800 Exception <a 'sun/nio/fs/WindowsException'> (0x00000000eb8e5528) thrown at [C:\src\AOSP-openjdk-git\hotspot\src\share\vm\prims\jni.cpp, line 710]
Event: 11463.941 Thread 0x000000003d8b9800 Exception <a 'sun/nio/fs/WindowsException'> (0x00000000eb8e60e8) thrown at [C:\src\AOSP-openjdk-git\hotspot\src\share\vm\prims\jni.cpp, line 710]
Event: 11463.941 Thread 0x000000003d8b9800 Exception <a 'sun/nio/fs/WindowsException'> (0x00000000eb8e7180) thrown at [C:\src\AOSP-openjdk-git\hotspot\src\share\vm\prims\jni.cpp, line 710]
Event: 11463.948 Thread 0x000000003d8b9800 Exception <a 'java/lang/NoSuchMethodError': <clinit>> (0x00000000eba46130) thrown at [C:\src\AOSP-openjdk-git\hotspot\src\share\vm\prims\jni.cpp, line 1615]
Event: 11463.949 Thread 0x000000003d8b9800 Exception <a 'java/lang/NoSuchMethodError': <clinit>> (0x00000000eba62fe8) thrown at [C:\src\AOSP-openjdk-git\hotspot\src\share\vm\prims\jni.cpp, line 1615]
Event: 11463.951 Thread 0x000000003d8b9800 Exception <a 'java/lang/NoSuchMethodError': <clinit>> (0x00000000eba7c110) thrown at [C:\src\AOSP-openjdk-git\hotspot\src\share\vm\prims\jni.cpp, line 1615]
Event: 11463.954 Thread 0x000000003d8b9800 Exception <a 'java/lang/NoSuchMethodError': <clinit>> (0x00000000ebadc840) thrown at [C:\src\AOSP-openjdk-git\hotspot\src\share\vm\prims\jni.cpp, line 1615]

Events (10 events):
Event: 11465.249 loading class com/squareup/javapoet/FieldSpec$Builder
Event: 11465.249 loading class com/squareup/javapoet/FieldSpec$Builder done
Event: 11465.250 loading class com/squareup/javapoet/CodeBlock
Event: 11465.250 loading class com/squareup/javapoet/CodeBlock done
Event: 11465.251 loading class com/squareup/javapoet/CodeBlock$Builder
Event: 11465.251 loading class com/squareup/javapoet/CodeBlock$Builder done
Event: 11465.253 loading class com/squareup/javapoet/TypeSpec
Event: 11465.253 loading class com/squareup/javapoet/TypeSpec done
Event: 11465.254 loading class com/squareup/javapoet/TypeSpec$Builder
Event: 11465.254 loading class com/squareup/javapoet/TypeSpec$Builder done


Dynamic libraries:
0x00007ff761d00000 - 0x00007ff761d31000 	C:\Users\raghvendra_nimap\Desktop\Android_Studio\android-studio-ide-201.6953283-windows\android-studio\jre\bin\java.exe
0x00007fff9e440000 - 0x00007fff9e630000 	C:\Windows\SYSTEM32\ntdll.dll
0x00007fff9dee0000 - 0x00007fff9df92000 	C:\Windows\System32\KERNEL32.DLL
0x00007fff9b420000 - 0x00007fff9b6c5000 	C:\Windows\System32\KERNELBASE.dll
0x00007fff9de30000 - 0x00007fff9ded3000 	C:\Windows\System32\ADVAPI32.dll
0x00007fff9dfa0000 - 0x00007fff9e03e000 	C:\Windows\System32\msvcrt.dll
0x00007fff9d410000 - 0x00007fff9d4a7000 	C:\Windows\System32\sechost.dll
0x00007fff9d920000 - 0x00007fff9da3f000 	C:\Windows\System32\RPCRT4.dll
0x00007fff9dc30000 - 0x00007fff9ddc4000 	C:\Windows\System32\USER32.dll
0x00007fff9bd40000 - 0x00007fff9bd61000 	C:\Windows\System32\win32u.dll
0x00007fff9ce30000 - 0x00007fff9ce56000 	C:\Windows\System32\GDI32.dll
0x00007fff9b7d0000 - 0x00007fff9b968000 	C:\Windows\System32\gdi32full.dll
0x00007fff9bc70000 - 0x00007fff9bd0e000 	C:\Windows\System32\msvcp_win.dll
0x00007fff9b970000 - 0x00007fff9ba6a000 	C:\Windows\System32\ucrtbase.dll
0x00007fff926a0000 - 0x00007fff92924000 	C:\Windows\WinSxS\amd64_microsoft.windows.common-controls_6595b64144ccf1df_6.0.18362.1377_none_9e802143e45c8d82\COMCTL32.dll
0x00007fff9ce60000 - 0x00007fff9d197000 	C:\Windows\System32\combase.dll
0x00007fff9b6d0000 - 0x00007fff9b751000 	C:\Windows\System32\bcryptPrimitives.dll
0x00007fff9db90000 - 0x00007fff9dbbe000 	C:\Windows\System32\IMM32.DLL
0x00007fff94700000 - 0x00007fff9478d000 	C:\Windows\SYSTEM32\dlphook.x64.dll
0x00007fff9e380000 - 0x00007fff9e388000 	C:\Windows\System32\PSAPI.DLL
0x00007fff9c4f0000 - 0x00007fff9cbd8000 	C:\Windows\System32\SHELL32.dll
0x00007fff9b780000 - 0x00007fff9b7ca000 	C:\Windows\System32\cfgmgr32.dll
0x00007fff9e2c0000 - 0x00007fff9e367000 	C:\Windows\System32\shcore.dll
0x00007fff9bd70000 - 0x00007fff9c4eb000 	C:\Windows\System32\windows.storage.dll
0x00007fff9b390000 - 0x00007fff9b3b3000 	C:\Windows\System32\profapi.dll
0x00007fff946d0000 - 0x00007fff946da000 	C:\Windows\SYSTEM32\VERSION.dll
0x00007fff9b340000 - 0x00007fff9b38a000 	C:\Windows\System32\powrprof.dll
0x00007fff9b2f0000 - 0x00007fff9b300000 	C:\Windows\System32\UMPDC.dll
0x00007fff9d330000 - 0x00007fff9d382000 	C:\Windows\System32\shlwapi.dll
0x00007fff9b320000 - 0x00007fff9b331000 	C:\Windows\System32\kernel.appcore.dll
0x00007fff9b760000 - 0x00007fff9b777000 	C:\Windows\System32\cryptsp.dll
0x00007fff9d1a0000 - 0x00007fff9d2f7000 	C:\Windows\System32\ole32.dll
0x00007fff9dbc0000 - 0x00007fff9dc2f000 	C:\Windows\System32\WS2_32.dll
0x00007fff950c0000 - 0x00007fff9526a000 	C:\Windows\system32\tmumh\20019\AddOn\8.20.0.1028\TmUmEvt64.dll
0x000000005c250000 - 0x000000005c3b6000 	C:\Windows\system32\tmumh\20019\TmMon\2.7.3.1024\tmmon64.dll
0x0000000057cb0000 - 0x0000000057d82000 	C:\Users\raghvendra_nimap\Desktop\Android_Studio\android-studio-ide-201.6953283-windows\android-studio\jre\jre\bin\msvcr100.dll
0x0000000058800000 - 0x000000005904b000 	C:\Users\raghvendra_nimap\Desktop\Android_Studio\android-studio-ide-201.6953283-windows\android-studio\jre\jre\bin\server\jvm.dll
0x00007fff8fea0000 - 0x00007fff8fea9000 	C:\Windows\SYSTEM32\WSOCK32.dll
0x00007fff92930000 - 0x00007fff92954000 	C:\Windows\SYSTEM32\WINMM.dll
0x00007fff924f0000 - 0x00007fff9251d000 	C:\Windows\SYSTEM32\WINMMBASE.dll
0x00007fff94340000 - 0x00007fff9434f000 	C:\Users\raghvendra_nimap\Desktop\Android_Studio\android-studio-ide-201.6953283-windows\android-studio\jre\jre\bin\verify.dll
0x00007fff6bc70000 - 0x00007fff6bc99000 	C:\Users\raghvendra_nimap\Desktop\Android_Studio\android-studio-ide-201.6953283-windows\android-studio\jre\jre\bin\java.dll
0x00007fff6bc50000 - 0x00007fff6bc66000 	C:\Users\raghvendra_nimap\Desktop\Android_Studio\android-studio-ide-201.6953283-windows\android-studio\jre\jre\bin\zip.dll
0x00007fff6bc30000 - 0x00007fff6bc4a000 	C:\Users\raghvendra_nimap\Desktop\Android_Studio\android-studio-ide-201.6953283-windows\android-studio\jre\jre\bin\net.dll
0x00007fff9aad0000 - 0x00007fff9ab37000 	C:\Windows\system32\mswsock.dll
0x00007fff6a210000 - 0x00007fff6a223000 	C:\Users\raghvendra_nimap\Desktop\Android_Studio\android-studio-ide-201.6953283-windows\android-studio\jre\jre\bin\nio.dll
0x00007fff964a0000 - 0x00007fff964c7000 	C:\Users\raghvendra_nimap\.gradle\native\f6784746aeab05261644944871eae4fe03e0ef1612fff0a4a95f87b438bc6780\windows-amd64\native-platform.dll
0x00007fff83d50000 - 0x00007fff83d5d000 	C:\Users\raghvendra_nimap\Desktop\Android_Studio\android-studio-ide-201.6953283-windows\android-studio\jre\jre\bin\management.dll
0x00007fff9a650000 - 0x00007fff9a683000 	C:\Windows\system32\rsaenh.dll
0x00007fff9bd10000 - 0x00007fff9bd36000 	C:\Windows\System32\bcrypt.dll
0x00007fff9b1d0000 - 0x00007fff9b1f5000 	C:\Windows\SYSTEM32\USERENV.dll
0x00007fff9aca0000 - 0x00007fff9acac000 	C:\Windows\SYSTEM32\CRYPTBASE.dll
0x00007fff9a7e0000 - 0x00007fff9a81a000 	C:\Windows\SYSTEM32\IPHLPAPI.DLL
0x00007fff9d300000 - 0x00007fff9d308000 	C:\Windows\System32\NSI.dll
0x00007fff97960000 - 0x00007fff97976000 	C:\Windows\SYSTEM32\dhcpcsvc6.DLL
0x00007fff97920000 - 0x00007fff9793c000 	C:\Windows\SYSTEM32\dhcpcsvc.DLL
0x00007fff9a820000 - 0x00007fff9a8eb000 	C:\Windows\SYSTEM32\DNSAPI.dll
0x00007fff97c90000 - 0x00007fff97c9b000 	C:\Windows\SYSTEM32\WINNSI.DLL
0x00007fff752f0000 - 0x00007fff7530e000 	C:\Users\raghvendra_nimap\AppData\Local\Temp\native-platform7905175551951121269dir\native-platform.dll
0x00007fff9a2d0000 - 0x00007fff9a301000 	C:\Windows\SYSTEM32\ntmarta.dll
0x00007fff96970000 - 0x00007fff9697a000 	C:\Windows\System32\rasadhlp.dll
0x00007fff97b70000 - 0x00007fff97be7000 	C:\Windows\System32\fwpuclnt.dll
0x00007fff96650000 - 0x00007fff9666e000 	C:\Users\raghvendra_nimap\AppData\Local\Temp\native-platform1618858992458955558dir\native-platform.dll
0x00007fff99460000 - 0x00007fff994ef000 	C:\Windows\system32\apphelp.dll
0x0000000066e00000 - 0x0000000066f03000 	C:\Users\raghvendra_nimap\AppData\Local\Temp\room-72facc1f-efb2-43d4-bf18-bc15e6c36fb4\sqlite-3.25.2-0098a939-f35d-4f59-a8e9-d0269fbe38ee-sqlitejdbc.dll
0x00007fff97030000 - 0x00007fff97054000 	C:\Users\raghvendra_nimap\Desktop\Android_Studio\android-studio-ide-201.6953283-windows\android-studio\jre\jre\bin\sunec.dll
0x00000000479e0000 - 0x0000000047ae3000 	C:\Users\raghvendra_nimap\AppData\Local\Temp\room-0b6e48d6-a9d1-43c2-9ed6-085466f0e7ef\sqlite-3.25.2-9fb93680-ca73-4ca5-ac49-f72e9f543ce2-sqlitejdbc.dll

VM Arguments:
jvm_args: -Xmx2048M -Dfile.encoding=windows-1252 -Duser.country=IN -Duser.language=en -Duser.variant 
java_command: org.gradle.launcher.daemon.bootstrap.GradleDaemon 6.5
java_class_path (initial): C:\Users\raghvendra_nimap\.gradle\wrapper\dists\gradle-6.5-all\2oz4ud9k3tuxjg84bbf55q0tn\gradle-6.5\lib\gradle-launcher-6.5.jar
Launcher Type: SUN_STANDARD

Environment Variables:
PATH=C:\Program Files (x86)\Common Files\Oracle\Java\javapath;C:\Windows\system32;C:\Windows;C:\Windows\System32\Wbem;C:\Windows\System32\WindowsPowerShell\v1.0\;C:\Windows\System32\OpenSSH\;C:\Program Files (x86)\Microsoft SQL Server\Client SDK\ODBC\130\Tools\Binn\;C:\Program Files (x86)\Microsoft SQL Server\130\Tools\Binn\;C:\Program Files (x86)\Microsoft SQL Server\130\DTS\Binn\;C:\Program Files (x86)\Microsoft SQL Server\130\Tools\Binn\ManagementStudio\;C:\Users\raghvendra_nimap\AppData\Local\Microsoft\WindowsApps;C:\Users\raghvendra_nimap\AppData\Local\Programs\Git\cmd
USERNAME=raghvendra_nimap
OS=Windows_NT
PROCESSOR_IDENTIFIER=Intel64 Family 6 Model 85 Stepping 7, GenuineIntel



---------------  S Y S T E M  ---------------

OS: Windows 10.0 , 64 bit Build 18362 (10.0.18362.1350)

CPU:total 4 (initial active 4) (2 cores per cpu, 1 threads per core) family 6 model 85 stepping 7, cmov, cx8, fxsr, mmx, sse, sse2, sse3, ssse3, sse4.1, sse4.2, popcnt, avx, avx2, aes, clmul, erms, 3dnowpref, lzcnt, tsc, tscinvbit, bmi1, bmi2, adx

Memory: 4k page, physical 8388084k(577696k free), swap 13451084k(7944k free)

vm_info: OpenJDK 64-Bit Server VM (25.242-b01) for windows-amd64 JRE (1.8.0_242-release-1644-b01), built by "builder" with MS VC++ 10.0 (VS2010)

time: Fri Mar 05 13:46:39 2021
timezone: India Standard Time
elapsed time: 11465 seconds (0d 3h 11m 5s)

